# JRE version: OpenJDK Runtime Environment (8.0_242-b01) (build 1.8.0_242-release-1644-b01)
# Java VM: OpenJDK 64-Bit Server VM (25.242-b01 mixed mode windows-amd64 compressed oops)
Heap:
 PSYoungGen      total 299008K, used 237534K [0x00000000d5580000, 0x00000000ea200000, 0x0000000100000000)
  eden space 267776K, 88% used [0x00000000d5580000,0x00000000e3d77b40,0x00000000e5b00000)
  from space 31232K, 0% used [0x00000000e7800000,0x00000000e7800000,0x00000000e9680000)
  to   space 29696K, 0% used [0x00000000e5b00000,0x00000000e5b00000,0x00000000e7800000)
 ParOldGen       total 177664K, used 52959K [0x0000000080000000, 0x000000008ad80000, 0x00000000d5580000)
  object space 177664K, 29% used [0x0000000080000000,0x00000000833b7d08,0x000000008ad80000)
 Metaspace       used 90460K, capacity 94934K, committed 99112K, reserved 1134592K
  class space    used 12179K, capacity 13031K, committed 14128K, reserved 1048576K
GC Heap History (10 events):
Event: 10.794 GC heap before
{Heap before GC invocations=18 (full 3):
 PSYoungGen      total 263680K, used 263668K [0x00000000d5580000, 0x00000000e8280000, 0x0000000100000000)
  eden space 239104K, 99% used [0x00000000d5580000,0x00000000e3eff4f8,0x00000000e3f00000)
  from space 24576K, 99% used [0x00000000e5e80000,0x00000000e767dba8,0x00000000e7680000)
  to   space 32256K, 0% used [0x00000000e3f00000,0x00000000e3f00000,0x00000000e5e80000)
 ParOldGen       total 119808K, used 47344K [0x0000000080000000, 0x0000000087500000, 0x00000000d5580000)
  object space 119808K, 39% used [0x0000000080000000,0x0000000082e3c1d0,0x0000000087500000)
 Metaspace       used 73496K, capacity 77334K, committed 77608K, reserved 1116160K
  class space    used 9968K, capacity 10722K, committed 10800K, reserved 1048576K
Event: 10.813 GC heap after
Heap after GC invocations=18 (full 3):
 PSYoungGen      total 271360K, used 12511K [0x00000000d5580000, 0x00000000e8280000, 0x0000000100000000)
  eden space 239104K, 0% used [0x00000000d5580000,0x00000000d5580000,0x00000000e3f00000)
  from space 32256K, 38% used [0x00000000e3f00000,0x00000000e4b37d90,0x00000000e5e80000)
  to   space 24576K, 0% used [0x00000000e5e80000,0x00000000e5e80000,0x00000000e7680000)
 ParOldGen       total 119808K, used 71397K [0x0000000080000000, 0x0000000087500000, 0x00000000d5580000)
  object space 119808K, 59% used [0x0000000080000000,0x00000000845b9448,0x0000000087500000)
 Metaspace       used 73496K, capacity 77334K, committed 77608K, reserved 1116160K
  class space    used 9968K, capacity 10722K, committed 10800K, reserved 1048576K
}
Event: 12.588 GC heap before
{Heap before GC invocations=19 (full 3):
 PSYoungGen      total 271360K, used 251615K [0x00000000d5580000, 0x00000000e8280000, 0x0000000100000000)
  eden space 239104K, 100% used [0x00000000d5580000,0x00000000e3f00000,0x00000000e3f00000)
  from space 32256K, 38% used [0x00000000e3f00000,0x00000000e4b37d90,0x00000000e5e80000)
  to   space 24576K, 0% used [0x00000000e5e80000,0x00000000e5e80000,0x00000000e7680000)
 ParOldGen       total 119808K, used 71397K [0x0000000080000000, 0x0000000087500000, 0x00000000d5580000)
  object space 119808K, 59% used [0x0000000080000000,0x00000000845b9448,0x0000000087500000)
 Metaspace       used 74944K, capacity 78822K, committed 79016K, reserved 1118208K
  class space    used 10089K, capacity 10838K, committed 10928K, reserved 1048576K
Event: 12.593 GC heap after
Heap after GC invocations=19 (full 3):
 PSYoungGen      total 265728K, used 5409K [0x00000000d5580000, 0x00000000ea180000, 0x0000000100000000)
  eden space 241152K, 0% used [0x00000000d5580000,0x00000000d5580000,0x00000000e4100000)
  from space 24576K, 22% used [0x00000000e5e80000,0x00000000e63c8500,0x00000000e7680000)
  to   space 30208K, 0% used [0x00000000e4100000,0x00000000e4100000,0x00000000e5e80000)
 ParOldGen       total 119808K, used 71405K [0x0000000080000000, 0x0000000087500000, 0x00000000d5580000)
  object space 119808K, 59% used [0x0000000080000000,0x00000000845bb448,0x0000000087500000)
 Metaspace       used 74944K, capacity 78822K, committed 79016K, reserved 1118208K
  class space    used 10089K, capacity 10838K, committed 10928K, reserved 1048576K
}
Event: 14.925 GC heap before
{Heap before GC invocations=20 (full 3):
 PSYoungGen      total 265728K, used 246561K [0x00000000d5580000, 0x00000000ea180000, 0x0000000100000000)
  eden space 241152K, 100% used [0x00000000d5580000,0x00000000e4100000,0x00000000e4100000)
  from space 24576K, 22% used [0x00000000e5e80000,0x00000000e63c8500,0x00000000e7680000)
  to   space 30208K, 0% used [0x00000000e4100000,0x00000000e4100000,0x00000000e5e80000)
 ParOldGen       total 119808K, used 71405K [0x0000000080000000, 0x0000000087500000, 0x00000000d5580000)
  object space 119808K, 59% used [0x0000000080000000,0x00000000845bb448,0x0000000087500000)
 Metaspace       used 91445K, capacity 98224K, committed 98600K, reserved 1134592K
  class space    used 12657K, capacity 14002K, committed 14128K, reserved 1048576K
Event: 14.947 GC heap after
Heap after GC invocations=20 (full 3):
 PSYoungGen      total 271360K, used 20259K [0x00000000d5580000, 0x00000000e9680000, 0x0000000100000000)
  eden space 241152K, 0% used [0x00000000d5580000,0x00000000d5580000,0x00000000e4100000)
  from space 30208K, 67% used [0x00000000e4100000,0x00000000e54c8e80,0x00000000e5e80000)
  to   space 31232K, 0% used [0x00000000e7800000,0x00000000e7800000,0x00000000e9680000)
 ParOldGen       total 119808K, used 71413K [0x0000000080000000, 0x0000000087500000, 0x00000000d5580000)
  object space 119808K, 59% used [0x0000000080000000,0x00000000845bd448,0x0000000087500000)
 Metaspace       used 91445K, capacity 98224K, committed 98600K, reserved 1134592K
  class space    used 12657K, capacity 14002K, committed 14128K, reserved 1048576K
}
Event: 15.078 GC heap before
{Heap before GC invocations=21 (full 3):
 PSYoungGen      total 271360K, used 46216K [0x00000000d5580000, 0x00000000e9680000, 0x0000000100000000)
  eden space 241152K, 10% used [0x00000000d5580000,0x00000000d6ed9360,0x00000000e4100000)
  from space 30208K, 67% used [0x00000000e4100000,0x00000000e54c8e80,0x00000000e5e80000)
  to   space 31232K, 0% used [0x00000000e7800000,0x00000000e7800000,0x00000000e9680000)
 ParOldGen       total 119808K, used 71413K [0x0000000080000000, 0x0000000087500000, 0x00000000d5580000)
  object space 119808K, 59% used [0x0000000080000000,0x00000000845bd448,0x0000000087500000)
 Metaspace       used 91704K, capacity 98492K, committed 98600K, reserved 1134592K
  class space    used 12698K, capacity 14054K, committed 14128K, reserved 1048576K
Event: 15.088 GC heap after
Heap after GC invocations=21 (full 3):
 PSYoungGen      total 299008K, used 10753K [0x00000000d5580000, 0x00000000ea200000, 0x0000000100000000)
  eden space 267776K, 0% used [0x00000000d5580000,0x00000000d5580000,0x00000000e5b00000)
  from space 31232K, 34% used [0x00000000e7800000,0x00000000e82805a8,0x00000000e9680000)
  to   space 29696K, 0% used [0x00000000e5b00000,0x00000000e5b00000,0x00000000e7800000)
 ParOldGen       total 119808K, used 71421K [0x0000000080000000, 0x0000000087500000, 0x00000000d5580000)
  object space 119808K, 59% used [0x0000000080000000,0x00000000845bf448,0x0000000087500000)
 Metaspace       used 91704K, capacity 98492K, committed 98600K, reserved 1134592K
  class space    used 12698K, capacity 14054K, committed 14128K, reserved 1048576K
}
Event: 15.088 GC heap before
{Heap before GC invocations=22 (full 4):
 PSYoungGen      total 299008K, used 10753K [0x00000000d5580000, 0x00000000ea200000, 0x0000000100000000)
  eden space 267776K, 0% used [0x00000000d5580000,0x00000000d5580000,0x00000000e5b00000)
  from space 31232K, 34% used [0x00000000e7800000,0x00000000e82805a8,0x00000000e9680000)
  to   space 29696K, 0% used [0x00000000e5b00000,0x00000000e5b00000,0x00000000e7800000)
 ParOldGen       total 119808K, used 71421K [0x0000000080000000, 0x0000000087500000, 0x00000000d5580000)
  object space 119808K, 59% used [0x0000000080000000,0x00000000845bf448,0x0000000087500000)
 Metaspace       used 91704K, capacity 98492K, committed 98600K, reserved 1134592K
  class space    used 12698K, capacity 14054K, committed 14128K, reserved 1048576K
Event: 15.217 GC heap after
Heap after GC invocations=22 (full 4):
 PSYoungGen      total 299008K, used 0K [0x00000000d5580000, 0x00000000ea200000, 0x0000000100000000)
  eden space 267776K, 0% used [0x00000000d5580000,0x00000000d5580000,0x00000000e5b00000)
  from space 31232K, 0% used [0x00000000e7800000,0x00000000e7800000,0x00000000e9680000)
  to   space 29696K, 0% used [0x00000000e5b00000,0x00000000e5b00000,0x00000000e7800000)
 ParOldGen       total 177664K, used 52959K [0x0000000080000000, 0x000000008ad80000, 0x00000000d5580000)
  object space 177664K, 29% used [0x0000000080000000,0x00000000833b7d08,0x000000008ad80000)
 Metaspace       used 90019K, capacity 94496K, committed 98600K, reserved 1134592K
  class space    used 12099K, capacity 12984K, committed 14128K, reserved 1048576K
}

