# JRE version: OpenJDK Runtime Environment (8.0_242-b01) (build 1.8.0_242-release-1644-b01)
# Java VM: OpenJDK 64-Bit Server VM (25.242-b01 mixed mode windows-amd64 compressed oops)
Heap:
 PSYoungGen      total 357376K, used 233133K [0x00000000d5580000, 0x00000000f5280000, 0x0000000100000000)
  eden space 309760K, 64% used [0x00000000d5580000,0x00000000e195c780,0x00000000e8400000)
  from space 47616K, 68% used [0x00000000ec980000,0x00000000ee94eca0,0x00000000ef800000)
  to   space 71168K, 0% used [0x00000000e8400000,0x00000000e8400000,0x00000000ec980000)
 ParOldGen       total 126464K, used 99129K [0x0000000080000000, 0x0000000087b80000, 0x00000000d5580000)
  object space 126464K, 78% used [0x0000000080000000,0x00000000860ce648,0x0000000087b80000)
 Metaspace       used 85825K, capacity 90432K, committed 92456K, reserved 1128448K
  class space    used 11306K, capacity 12171K, committed 12848K, reserved 1048576K
GC Heap History (10 events):
Event: 12.880 GC heap before
{Heap before GC invocations=24 (full 3):
 PSYoungGen      total 377856K, used 367174K [0x00000000d5580000, 0x00000000f0200000, 0x0000000100000000)
  eden space 330240K, 100% used [0x00000000d5580000,0x00000000e9800000,0x00000000e9800000)
  from space 47616K, 77% used [0x00000000ec980000,0x00000000eed91b38,0x00000000ef800000)
  to   space 50688K, 0% used [0x00000000e9800000,0x00000000e9800000,0x00000000ec980000)
 ParOldGen       total 126464K, used 85349K [0x0000000080000000, 0x0000000087b80000, 0x00000000d5580000)
  object space 126464K, 67% used [0x0000000080000000,0x0000000085359768,0x0000000087b80000)
 Metaspace       used 76319K, capacity 81828K, committed 81960K, reserved 1120256K
  class space    used 10678K, capacity 11813K, committed 11824K, reserved 1048576K
Event: 12.914 GC heap after
Heap after GC invocations=24 (full 3):
 PSYoungGen      total 380928K, used 39191K [0x00000000d5580000, 0x00000000f0200000, 0x0000000100000000)
  eden space 330240K, 0% used [0x00000000d5580000,0x00000000d5580000,0x00000000e9800000)
  from space 50688K, 77% used [0x00000000e9800000,0x00000000ebe45d08,0x00000000ec980000)
  to   space 47616K, 0% used [0x00000000ec980000,0x00000000ec980000,0x00000000ef800000)
 ParOldGen       total 126464K, used 85357K [0x0000000080000000, 0x0000000087b80000, 0x00000000d5580000)
  object space 126464K, 67% used [0x0000000080000000,0x000000008535b768,0x0000000087b80000)
 Metaspace       used 76319K, capacity 81828K, committed 81960K, reserved 1120256K
  class space    used 10678K, capacity 11813K, committed 11824K, reserved 1048576K
}
Event: 14.428 GC heap before
{Heap before GC invocations=25 (full 3):
 PSYoungGen      total 380928K, used 369431K [0x00000000d5580000, 0x00000000f0200000, 0x0000000100000000)
  eden space 330240K, 100% used [0x00000000d5580000,0x00000000e9800000,0x00000000e9800000)
  from space 50688K, 77% used [0x00000000e9800000,0x00000000ebe45d08,0x00000000ec980000)
  to   space 47616K, 0% used [0x00000000ec980000,0x00000000ec980000,0x00000000ef800000)
 ParOldGen       total 126464K, used 85357K [0x0000000080000000, 0x0000000087b80000, 0x00000000d5580000)
  object space 126464K, 67% used [0x0000000080000000,0x000000008535b768,0x0000000087b80000)
 Metaspace       used 77369K, capacity 82956K, committed 83112K, reserved 1120256K
  class space    used 10807K, capacity 11917K, committed 11952K, reserved 1048576K
Event: 14.456 GC heap after
Heap after GC invocations=25 (full 3):
 PSYoungGen      total 377856K, used 46964K [0x00000000d5580000, 0x00000000f0200000, 0x0000000100000000)
  eden space 330240K, 0% used [0x00000000d5580000,0x00000000d5580000,0x00000000e9800000)
  from space 47616K, 98% used [0x00000000ec980000,0x00000000ef75d3d8,0x00000000ef800000)
  to   space 50688K, 0% used [0x00000000e9800000,0x00000000e9800000,0x00000000ec980000)
 ParOldGen       total 126464K, used 85365K [0x0000000080000000, 0x0000000087b80000, 0x00000000d5580000)
  object space 126464K, 67% used [0x0000000080000000,0x000000008535d768,0x0000000087b80000)
 Metaspace       used 77369K, capacity 82956K, committed 83112K, reserved 1120256K
  class space    used 10807K, capacity 11917K, committed 11952K, reserved 1048576K
}
Event: 16.181 GC heap before
{Heap before GC invocations=26 (full 3):
 PSYoungGen      total 377856K, used 377204K [0x00000000d5580000, 0x00000000f0200000, 0x0000000100000000)
  eden space 330240K, 100% used [0x00000000d5580000,0x00000000e9800000,0x00000000e9800000)
  from space 47616K, 98% used [0x00000000ec980000,0x00000000ef75d3d8,0x00000000ef800000)
  to   space 50688K, 0% used [0x00000000e9800000,0x00000000e9800000,0x00000000ec980000)
 ParOldGen       total 126464K, used 85365K [0x0000000080000000, 0x0000000087b80000, 0x00000000d5580000)
  object space 126464K, 67% used [0x0000000080000000,0x000000008535d768,0x0000000087b80000)
 Metaspace       used 78665K, capacity 84470K, committed 84648K, reserved 1122304K
  class space    used 10957K, capacity 12096K, committed 12208K, reserved 1048576K
Event: 16.229 GC heap after
Heap after GC invocations=26 (full 3):
 PSYoungGen      total 380928K, used 50683K [0x00000000d5580000, 0x00000000f0200000, 0x0000000100000000)
  eden space 330240K, 0% used [0x00000000d5580000,0x00000000d5580000,0x00000000e9800000)
  from space 50688K, 99% used [0x00000000e9800000,0x00000000ec97ef50,0x00000000ec980000)
  to   space 47616K, 0% used [0x00000000ec980000,0x00000000ec980000,0x00000000ef800000)
 ParOldGen       total 126464K, used 111542K [0x0000000080000000, 0x0000000087b80000, 0x00000000d5580000)
  object space 126464K, 88% used [0x0000000080000000,0x0000000086ceda58,0x0000000087b80000)
 Metaspace       used 78665K, capacity 84470K, committed 84648K, reserved 1122304K
  class space    used 10957K, capacity 12096K, committed 12208K, reserved 1048576K
}
Event: 16.229 GC heap before
{Heap before GC invocations=27 (full 4):
 PSYoungGen      total 380928K, used 50683K [0x00000000d5580000, 0x00000000f0200000, 0x0000000100000000)
  eden space 330240K, 0% used [0x00000000d5580000,0x00000000d5580000,0x00000000e9800000)
  from space 50688K, 99% used [0x00000000e9800000,0x00000000ec97ef50,0x00000000ec980000)
  to   space 47616K, 0% used [0x00000000ec980000,0x00000000ec980000,0x00000000ef800000)
 ParOldGen       total 126464K, used 111542K [0x0000000080000000, 0x0000000087b80000, 0x00000000d5580000)
  object space 126464K, 88% used [0x0000000080000000,0x0000000086ceda58,0x0000000087b80000)
 Metaspace       used 78665K, capacity 84470K, committed 84648K, reserved 1122304K
  class space    used 10957K, capacity 12096K, committed 12208K, reserved 1048576K
Event: 16.457 GC heap after
Heap after GC invocations=27 (full 4):
 PSYoungGen      total 380928K, used 0K [0x00000000d5580000, 0x00000000f0200000, 0x0000000100000000)
  eden space 330240K, 0% used [0x00000000d5580000,0x00000000d5580000,0x00000000e9800000)
  from space 50688K, 0% used [0x00000000e9800000,0x00000000e9800000,0x00000000ec980000)
  to   space 47616K, 0% used [0x00000000ec980000,0x00000000ec980000,0x00000000ef800000)
 ParOldGen       total 126464K, used 99121K [0x0000000080000000, 0x0000000087b80000, 0x00000000d5580000)
  object space 126464K, 78% used [0x0000000080000000,0x00000000860cc648,0x0000000087b80000)
 Metaspace       used 77569K, capacity 81944K, committed 84648K, reserved 1122304K
  class space    used 10564K, capacity 11389K, committed 12208K, reserved 1048576K
}
Event: 1350.906 GC heap before
{Heap before GC invocations=28 (full 4):
 PSYoungGen      total 380928K, used 330240K [0x00000000d5580000, 0x00000000f0200000, 0x0000000100000000)
  eden space 330240K, 100% used [0x00000000d5580000,0x00000000e9800000,0x00000000e9800000)
  from space 50688K, 0% used [0x00000000e9800000,0x00000000e9800000,0x00000000ec980000)
  to   space 47616K, 0% used [0x00000000ec980000,0x00000000ec980000,0x00000000ef800000)
 ParOldGen       total 126464K, used 99121K [0x0000000080000000, 0x0000000087b80000, 0x00000000d5580000)
  object space 126464K, 78% used [0x0000000080000000,0x00000000860cc648,0x0000000087b80000)
 Metaspace       used 84928K, capacity 89438K, committed 91688K, reserved 1128448K
  class space    used 11283K, capacity 12134K, committed 12848K, reserved 1048576K
Event: 1350.925 GC heap after
Heap after GC invocations=28 (full 4):
 PSYoungGen      total 357376K, used 32571K [0x00000000d5580000, 0x00000000f5280000, 0x0000000100000000)
  eden space 309760K, 0% used [0x00000000d5580000,0x00000000d5580000,0x00000000e8400000)
  from space 47616K, 68% used [0x00000000ec980000,0x00000000ee94eca0,0x00000000ef800000)
  to   space 71168K, 0% used [0x00000000e8400000,0x00000000e8400000,0x00000000ec980000)
 ParOldGen       total 126464K, used 99129K [0x0000000080000000, 0x0000000087b80000, 0x00000000d5580000)
  object space 126464K, 78% used [0x0000000080000000,0x00000000860ce648,0x0000000087b80000)
 Metaspace       used 84928K, capacity 89438K, committed 91688K, reserved 1128448K
  class space    used 11283K, capacity 12134K, committed 12848K, reserved 1048576K
}

