# JRE version: OpenJDK Runtime Environment (8.0_242-b01) (build 1.8.0_242-release-1644-b01)
# Java VM: OpenJDK 64-Bit Server VM (25.242-b01 mixed mode windows-amd64 compressed oops)
Heap:
 PSYoungGen      total 316416K, used 210207K [0x00000000d5580000, 0x00000000edf00000, 0x0000000100000000)
  eden space 261120K, 80% used [0x00000000d5580000,0x00000000e22c7fa0,0x00000000e5480000)
  from space 55296K, 0% used [0x00000000e5480000,0x00000000e5480000,0x00000000e8a80000)
  to   space 55808K, 0% used [0x00000000ea880000,0x00000000ea880000,0x00000000edf00000)
 ParOldGen       total 118272K, used 66127K [0x0000000080000000, 0x0000000087380000, 0x00000000d5580000)
  object space 118272K, 55% used [0x0000000080000000,0x0000000084093cd8,0x0000000087380000)
 Metaspace       used 97495K, capacity 102644K, committed 103192K, reserved 1138688K
  class space    used 12961K, capacity 14026K, committed 14128K, reserved 1048576K
GC Heap History (10 events):
Event: 8.556 GC heap before
{Heap before GC invocations=17 (full 3):
 PSYoungGen      total 224256K, used 222130K [0x00000000d5580000, 0x00000000e6f00000, 0x0000000100000000)
  eden space 204800K, 100% used [0x00000000d5580000,0x00000000e1d80000,0x00000000e1d80000)
  from space 19456K, 89% used [0x00000000e1d80000,0x00000000e2e6cbe8,0x00000000e3080000)
  to   space 21504K, 0% used [0x00000000e5a00000,0x00000000e5a00000,0x00000000e6f00000)
 ParOldGen       total 118272K, used 29961K [0x0000000080000000, 0x0000000087380000, 0x00000000d5580000)
  object space 118272K, 25% used [0x0000000080000000,0x0000000081d42490,0x0000000087380000)
 Metaspace       used 69701K, capacity 73568K, committed 73752K, reserved 1112064K
  class space    used 9759K, capacity 10479K, committed 10544K, reserved 1048576K
Event: 8.606 GC heap after
Heap after GC invocations=17 (full 3):
 PSYoungGen      total 247808K, used 21488K [0x00000000d5580000, 0x00000000e9800000, 0x0000000100000000)
  eden space 226304K, 0% used [0x00000000d5580000,0x00000000d5580000,0x00000000e3280000)
  from space 21504K, 99% used [0x00000000e5a00000,0x00000000e6efc090,0x00000000e6f00000)
  to   space 40448K, 0% used [0x00000000e3280000,0x00000000e3280000,0x00000000e5a00000)
 ParOldGen       total 118272K, used 73155K [0x0000000080000000, 0x0000000087380000, 0x00000000d5580000)
  object space 118272K, 61% used [0x0000000080000000,0x0000000084770de0,0x0000000087380000)
 Metaspace       used 69701K, capacity 73568K, committed 73752K, reserved 1112064K
  class space    used 9759K, capacity 10479K, committed 10544K, reserved 1048576K
}
Event: 10.495 GC heap before
{Heap before GC invocations=18 (full 3):
 PSYoungGen      total 247808K, used 247792K [0x00000000d5580000, 0x00000000e9800000, 0x0000000100000000)
  eden space 226304K, 100% used [0x00000000d5580000,0x00000000e3280000,0x00000000e3280000)
  from space 21504K, 99% used [0x00000000e5a00000,0x00000000e6efc090,0x00000000e6f00000)
  to   space 40448K, 0% used [0x00000000e3280000,0x00000000e3280000,0x00000000e5a00000)
 ParOldGen       total 118272K, used 73155K [0x0000000080000000, 0x0000000087380000, 0x00000000d5580000)
  object space 118272K, 61% used [0x0000000080000000,0x0000000084770de0,0x0000000087380000)
 Metaspace       used 75243K, capacity 79862K, committed 80024K, reserved 1118208K
  class space    used 10502K, capacity 11380K, committed 11440K, reserved 1048576K
Event: 10.519 GC heap after
Heap after GC invocations=18 (full 3):
 PSYoungGen      total 266752K, used 34847K [0x00000000d5580000, 0x00000000eb680000, 0x0000000100000000)
  eden space 226304K, 0% used [0x00000000d5580000,0x00000000d5580000,0x00000000e3280000)
  from space 40448K, 86% used [0x00000000e3280000,0x00000000e5487c48,0x00000000e5a00000)
  to   space 45056K, 0% used [0x00000000e8a80000,0x00000000e8a80000,0x00000000eb680000)
 ParOldGen       total 118272K, used 73163K [0x0000000080000000, 0x0000000087380000, 0x00000000d5580000)
  object space 118272K, 61% used [0x0000000080000000,0x0000000084772de0,0x0000000087380000)
 Metaspace       used 75243K, capacity 79862K, committed 80024K, reserved 1118208K
  class space    used 10502K, capacity 11380K, committed 11440K, reserved 1048576K
}
Event: 1117.249 GC heap before
{Heap before GC invocations=19 (full 3):
 PSYoungGen      total 266752K, used 261151K [0x00000000d5580000, 0x00000000eb680000, 0x0000000100000000)
  eden space 226304K, 100% used [0x00000000d5580000,0x00000000e3280000,0x00000000e3280000)
  from space 40448K, 86% used [0x00000000e3280000,0x00000000e5487c48,0x00000000e5a00000)
  to   space 45056K, 0% used [0x00000000e8a80000,0x00000000e8a80000,0x00000000eb680000)
 ParOldGen       total 118272K, used 73163K [0x0000000080000000, 0x0000000087380000, 0x00000000d5580000)
  object space 118272K, 61% used [0x0000000080000000,0x0000000084772de0,0x0000000087380000)
 Metaspace       used 87034K, capacity 92444K, committed 92696K, reserved 1128448K
  class space    used 11801K, capacity 12825K, committed 12848K, reserved 1048576K
Event: 1117.284 GC heap after
Heap after GC invocations=19 (full 3):
 PSYoungGen      total 306176K, used 45050K [0x00000000d5580000, 0x00000000ec280000, 0x0000000100000000)
  eden space 261120K, 0% used [0x00000000d5580000,0x00000000d5580000,0x00000000e5480000)
  from space 45056K, 99% used [0x00000000e8a80000,0x00000000eb67ea38,0x00000000eb680000)
  to   space 55296K, 0% used [0x00000000e5480000,0x00000000e5480000,0x00000000e8a80000)
 ParOldGen       total 118272K, used 80283K [0x0000000080000000, 0x0000000087380000, 0x00000000d5580000)
  object space 118272K, 67% used [0x0000000080000000,0x0000000084e66cc8,0x0000000087380000)
 Metaspace       used 87034K, capacity 92444K, committed 92696K, reserved 1128448K
  class space    used 11801K, capacity 12825K, committed 12848K, reserved 1048576K
}
Event: 1118.643 GC heap before
{Heap before GC invocations=20 (full 3):
 PSYoungGen      total 306176K, used 211557K [0x00000000d5580000, 0x00000000ec280000, 0x0000000100000000)
  eden space 261120K, 63% used [0x00000000d5580000,0x00000000df81abd0,0x00000000e5480000)
  from space 45056K, 99% used [0x00000000e8a80000,0x00000000eb67ea38,0x00000000eb680000)
  to   space 55296K, 0% used [0x00000000e5480000,0x00000000e5480000,0x00000000e8a80000)
 ParOldGen       total 118272K, used 80283K [0x0000000080000000, 0x0000000087380000, 0x00000000d5580000)
  object space 118272K, 67% used [0x0000000080000000,0x0000000084e66cc8,0x0000000087380000)
 Metaspace       used 92834K, capacity 98488K, committed 98600K, reserved 1134592K
  class space    used 12576K, capacity 13677K, committed 13744K, reserved 1048576K
Event: 1118.678 GC heap after
Heap after GC invocations=20 (full 3):
 PSYoungGen      total 316416K, used 31763K [0x00000000d5580000, 0x00000000edf00000, 0x0000000100000000)
  eden space 261120K, 0% used [0x00000000d5580000,0x00000000d5580000,0x00000000e5480000)
  from space 55296K, 57% used [0x00000000e5480000,0x00000000e7384ec8,0x00000000e8a80000)
  to   space 55808K, 0% used [0x00000000ea880000,0x00000000ea880000,0x00000000edf00000)
 ParOldGen       total 118272K, used 100162K [0x0000000080000000, 0x0000000087380000, 0x00000000d5580000)
  object space 118272K, 84% used [0x0000000080000000,0x00000000861d0b10,0x0000000087380000)
 Metaspace       used 92834K, capacity 98488K, committed 98600K, reserved 1134592K
  class space    used 12576K, capacity 13677K, committed 13744K, reserved 1048576K
}
Event: 1118.678 GC heap before
{Heap before GC invocations=21 (full 4):
 PSYoungGen      total 316416K, used 31763K [0x00000000d5580000, 0x00000000edf00000, 0x0000000100000000)
  eden space 261120K, 0% used [0x00000000d5580000,0x00000000d5580000,0x00000000e5480000)
  from space 55296K, 57% used [0x00000000e5480000,0x00000000e7384ec8,0x00000000e8a80000)
  to   space 55808K, 0% used [0x00000000ea880000,0x00000000ea880000,0x00000000edf00000)
 ParOldGen       total 118272K, used 100162K [0x0000000080000000, 0x0000000087380000, 0x00000000d5580000)
  object space 118272K, 84% used [0x0000000080000000,0x00000000861d0b10,0x0000000087380000)
 Metaspace       used 92834K, capacity 98488K, committed 98600K, reserved 1134592K
  class space    used 12576K, capacity 13677K, committed 13744K, reserved 1048576K
Event: 1118.821 GC heap after
Heap after GC invocations=21 (full 4):
 PSYoungGen      total 316416K, used 0K [0x00000000d5580000, 0x00000000edf00000, 0x0000000100000000)
  eden space 261120K, 0% used [0x00000000d5580000,0x00000000d5580000,0x00000000e5480000)
  from space 55296K, 0% used [0x00000000e5480000,0x00000000e5480000,0x00000000e8a80000)
  to   space 55808K, 0% used [0x00000000ea880000,0x00000000ea880000,0x00000000edf00000)
 ParOldGen       total 118272K, used 66127K [0x0000000080000000, 0x0000000087380000, 0x00000000d5580000)
  object space 118272K, 55% used [0x0000000080000000,0x0000000084093cd8,0x0000000087380000)
 Metaspace       used 92391K, capacity 97198K, committed 98600K, reserved 1134592K
  class space    used 12433K, capacity 13433K, committed 13744K, reserved 1048576K
}

